Analysis & Synthesis report for PRODIGgroep4
Mon Sep 23 11:37:23 2013
Quartus II 32-bit Version 11.1 Build 216 11/23/2011 Service Pack 1 SJ Web Edition


---------------------
; Table of Contents ;
---------------------
  1. Legal Notice
  2. Analysis & Synthesis Summary
  3. Analysis & Synthesis Settings
  4. Parallel Compilation
  5. Analysis & Synthesis Source Files Read
  6. Analysis & Synthesis Resource Usage Summary
  7. Analysis & Synthesis Resource Utilization by Entity
  8. State Machine - |HomeTrainer|HallCounter:HallSensCount|state
  9. Registers Removed During Synthesis
 10. General Register Statistics
 11. Multiplexer Restructuring Statistics (Restructuring Performed)
 12. Parameter Settings for User Entity Instance: prescaler:ClockScaler
 13. Port Connectivity Checks: "seg_decoder:Digit2"
 14. Elapsed Time Per Partition
 15. Analysis & Synthesis Messages



----------------
; Legal Notice ;
----------------
Copyright (C) 1991-2011 Altera Corporation
Your use of Altera Corporation's design tools, logic functions 
and other software and tools, and its AMPP partner logic 
functions, and any output files from any of the foregoing 
(including device programming or simulation files), and any 
associated documentation or information are expressly subject 
to the terms and conditions of the Altera Program License 
Subscription Agreement, Altera MegaCore Function License 
Agreement, or other applicable license agreement, including, 
without limitation, that your use is for the sole purpose of 
programming logic devices manufactured by Altera and sold by 
Altera or its authorized distributors.  Please refer to the 
applicable agreement for further details.



+------------------------------------------------------------------------------------+
; Analysis & Synthesis Summary                                                       ;
+------------------------------------+-----------------------------------------------+
; Analysis & Synthesis Status        ; Successful - Mon Sep 23 11:37:23 2013         ;
; Quartus II 32-bit Version          ; 11.1 Build 216 11/23/2011 SP 1 SJ Web Edition ;
; Revision Name                      ; PRODIGgroep4                                  ;
; Top-level Entity Name              ; HomeTrainer                                   ;
; Family                             ; Cyclone II                                    ;
; Total logic elements               ; 271                                           ;
;     Total combinational functions  ; 222                                           ;
;     Dedicated logic registers      ; 139                                           ;
; Total registers                    ; 139                                           ;
; Total pins                         ; 146                                           ;
; Total virtual pins                 ; 0                                             ;
; Total memory bits                  ; 0                                             ;
; Embedded Multiplier 9-bit elements ; 0                                             ;
; Total PLLs                         ; 0                                             ;
+------------------------------------+-----------------------------------------------+


+----------------------------------------------------------------------------------------------------------------------+
; Analysis & Synthesis Settings                                                                                        ;
+----------------------------------------------------------------------------+--------------------+--------------------+
; Option                                                                     ; Setting            ; Default Value      ;
+----------------------------------------------------------------------------+--------------------+--------------------+
; Device                                                                     ; EP2C70F896C6       ;                    ;
; Top-level entity name                                                      ; HomeTrainer        ; PRODIGgroep4       ;
; Family name                                                                ; Cyclone II         ; Cyclone IV GX      ;
; Use smart compilation                                                      ; On                 ; Off                ;
; Enable parallel Assembler and TimeQuest Timing Analyzer during compilation ; On                 ; On                 ;
; Enable compact report table                                                ; Off                ; Off                ;
; Restructure Multiplexers                                                   ; Auto               ; Auto               ;
; Create Debugging Nodes for IP Cores                                        ; Off                ; Off                ;
; Preserve fewer node names                                                  ; On                 ; On                 ;
; Disable OpenCore Plus hardware evaluation                                  ; Off                ; Off                ;
; Verilog Version                                                            ; Verilog_2001       ; Verilog_2001       ;
; VHDL Version                                                               ; VHDL_1993          ; VHDL_1993          ;
; State Machine Processing                                                   ; Auto               ; Auto               ;
; Safe State Machine                                                         ; Off                ; Off                ;
; Extract Verilog State Machines                                             ; On                 ; On                 ;
; Extract VHDL State Machines                                                ; On                 ; On                 ;
; Ignore Verilog initial constructs                                          ; Off                ; Off                ;
; Iteration limit for constant Verilog loops                                 ; 5000               ; 5000               ;
; Iteration limit for non-constant Verilog loops                             ; 250                ; 250                ;
; Add Pass-Through Logic to Inferred RAMs                                    ; On                 ; On                 ;
; Infer RAMs from Raw Logic                                                  ; On                 ; On                 ;
; Parallel Synthesis                                                         ; On                 ; On                 ;
; DSP Block Balancing                                                        ; Auto               ; Auto               ;
; NOT Gate Push-Back                                                         ; On                 ; On                 ;
; Power-Up Don't Care                                                        ; On                 ; On                 ;
; Remove Redundant Logic Cells                                               ; Off                ; Off                ;
; Remove Duplicate Registers                                                 ; On                 ; On                 ;
; Ignore CARRY Buffers                                                       ; Off                ; Off                ;
; Ignore CASCADE Buffers                                                     ; Off                ; Off                ;
; Ignore GLOBAL Buffers                                                      ; Off                ; Off                ;
; Ignore ROW GLOBAL Buffers                                                  ; Off                ; Off                ;
; Ignore LCELL Buffers                                                       ; Off                ; Off                ;
; Ignore SOFT Buffers                                                        ; On                 ; On                 ;
; Limit AHDL Integers to 32 Bits                                             ; Off                ; Off                ;
; Optimization Technique                                                     ; Balanced           ; Balanced           ;
; Carry Chain Length                                                         ; 70                 ; 70                 ;
; Auto Carry Chains                                                          ; On                 ; On                 ;
; Auto Open-Drain Pins                                                       ; On                 ; On                 ;
; Perform WYSIWYG Primitive Resynthesis                                      ; Off                ; Off                ;
; Auto ROM Replacement                                                       ; On                 ; On                 ;
; Auto RAM Replacement                                                       ; On                 ; On                 ;
; Auto Shift Register Replacement                                            ; Auto               ; Auto               ;
; Allow Shift Register Merging across Hierarchies                            ; Auto               ; Auto               ;
; Auto Clock Enable Replacement                                              ; On                 ; On                 ;
; Strict RAM Replacement                                                     ; Off                ; Off                ;
; Allow Synchronous Control Signals                                          ; On                 ; On                 ;
; Force Use of Synchronous Clear Signals                                     ; Off                ; Off                ;
; Auto RAM to Logic Cell Conversion                                          ; Off                ; Off                ;
; Auto Resource Sharing                                                      ; Off                ; Off                ;
; Allow Any RAM Size For Recognition                                         ; Off                ; Off                ;
; Allow Any ROM Size For Recognition                                         ; Off                ; Off                ;
; Allow Any Shift Register Size For Recognition                              ; Off                ; Off                ;
; Use LogicLock Constraints during Resource Balancing                        ; On                 ; On                 ;
; Ignore translate_off and synthesis_off directives                          ; Off                ; Off                ;
; Timing-Driven Synthesis                                                    ; Off                ; Off                ;
; Report Parameter Settings                                                  ; On                 ; On                 ;
; Report Source Assignments                                                  ; On                 ; On                 ;
; Report Connectivity Checks                                                 ; On                 ; On                 ;
; Ignore Maximum Fan-Out Assignments                                         ; Off                ; Off                ;
; Synchronization Register Chain Length                                      ; 2                  ; 2                  ;
; PowerPlay Power Optimization                                               ; Normal compilation ; Normal compilation ;
; HDL message level                                                          ; Level2             ; Level2             ;
; Suppress Register Optimization Related Messages                            ; Off                ; Off                ;
; Number of Removed Registers Reported in Synthesis Report                   ; 5000               ; 5000               ;
; Number of Inverted Registers Reported in Synthesis Report                  ; 100                ; 100                ;
; Clock MUX Protection                                                       ; On                 ; On                 ;
; Auto Gated Clock Conversion                                                ; Off                ; Off                ;
; Block Design Naming                                                        ; Auto               ; Auto               ;
; SDC constraint protection                                                  ; Off                ; Off                ;
; Synthesis Effort                                                           ; Auto               ; Auto               ;
; Shift Register Replacement - Allow Asynchronous Clear Signal               ; On                 ; On                 ;
; Analysis & Synthesis Message Level                                         ; Medium             ; Medium             ;
; Disable Register Merging Across Hierarchies                                ; Auto               ; Auto               ;
; Resource Aware Inference For Block RAM                                     ; On                 ; On                 ;
; Synthesis Seed                                                             ; 1                  ; 1                  ;
+----------------------------------------------------------------------------+--------------------+--------------------+


Parallel compilation was disabled, but you have multiple processors available. Enable parallel compilation to reduce compilation time.
+-------------------------------------+
; Parallel Compilation                ;
+----------------------------+--------+
; Processors                 ; Number ;
+----------------------------+--------+
; Number detected on machine ; 2      ;
; Maximum allowed            ; 1      ;
+----------------------------+--------+


+--------------------------------------------------------------------------------------------------------------------------------------------+
; Analysis & Synthesis Source Files Read                                                                                                     ;
+----------------------------------+-----------------+-----------------+---------------------------------------------------------------------+
; File Name with User-Entered Path ; Used in Netlist ; File Type       ; File Name with Absolute Path                                        ;
+----------------------------------+-----------------+-----------------+---------------------------------------------------------------------+
; HallCounter.vhd                  ; yes             ; User VHDL File  ; C:/Users/Richard/Documents/GitHub/PRODIG_Demo/HallCounter.vhd       ;
; prescaler.vhd                    ; yes             ; User VHDL File  ; C:/Users/Richard/Documents/GitHub/PRODIG_Demo/prescaler.vhd         ;
; HomeTrainer.vhd                  ; yes             ; User VHDL File  ; C:/Users/Richard/Documents/GitHub/PRODIG_Demo/HomeTrainer.vhd       ;
; seg_decoder.vhd                  ; yes             ; User VHDL File  ; C:/Users/Richard/Documents/GitHub/PRODIG_Demo/seg_decoder.vhd       ;
; Timer.vhd                        ; yes             ; User VHDL File  ; C:/Users/Richard/Documents/GitHub/PRODIG_Demo/Timer.vhd             ;
; SequentialDevider.vhd            ; yes             ; User VHDL File  ; C:/Users/Richard/Documents/GitHub/PRODIG_Demo/SequentialDevider.vhd ;
; double.vhd                       ; yes             ; User VHDL File  ; C:/Users/Richard/Documents/GitHub/PRODIG_Demo/double.vhd            ;
+----------------------------------+-----------------+-----------------+---------------------------------------------------------------------+


+-----------------------------------------------------+
; Analysis & Synthesis Resource Usage Summary         ;
+---------------------------------------------+-------+
; Resource                                    ; Usage ;
+---------------------------------------------+-------+
; Estimated Total logic elements              ; 271   ;
;                                             ;       ;
; Total combinational functions               ; 222   ;
; Logic element usage by number of LUT inputs ;       ;
;     -- 4 input functions                    ; 83    ;
;     -- 3 input functions                    ; 78    ;
;     -- <=2 input functions                  ; 61    ;
;                                             ;       ;
; Logic elements by mode                      ;       ;
;     -- normal mode                          ; 125   ;
;     -- arithmetic mode                      ; 97    ;
;                                             ;       ;
; Total registers                             ; 139   ;
;     -- Dedicated logic registers            ; 139   ;
;     -- I/O registers                        ; 0     ;
;                                             ;       ;
; I/O pins                                    ; 146   ;
; Maximum fan-out node                        ; SW[0] ;
; Maximum fan-out                             ; 98    ;
; Total fan-out                               ; 1214  ;
; Average fan-out                             ; 2.39  ;
+---------------------------------------------+-------+


+----------------------------------------------------------------------------------------------------------------------------------------------------------------------------------------------------------+
; Analysis & Synthesis Resource Utilization by Entity                                                                                                                                                      ;
+-----------------------------------+-------------------+--------------+-------------+--------------+---------+-----------+------+--------------+-------------------------------------------+--------------+
; Compilation Hierarchy Node        ; LC Combinationals ; LC Registers ; Memory Bits ; DSP Elements ; DSP 9x9 ; DSP 18x18 ; Pins ; Virtual Pins ; Full Hierarchy Name                       ; Library Name ;
+-----------------------------------+-------------------+--------------+-------------+--------------+---------+-----------+------+--------------+-------------------------------------------+--------------+
; |HomeTrainer                      ; 222 (0)           ; 139 (0)      ; 0           ; 0            ; 0       ; 0         ; 146  ; 0            ; |HomeTrainer                              ;              ;
;    |HallCounter:HallSensCount|    ; 21 (21)           ; 9 (9)        ; 0           ; 0            ; 0       ; 0         ; 0    ; 0            ; |HomeTrainer|HallCounter:HallSensCount    ;              ;
;    |SequentialDevider:Devider|    ; 123 (123)         ; 55 (55)      ; 0           ; 0            ; 0       ; 0         ; 0    ; 0            ; |HomeTrainer|SequentialDevider:Devider    ;              ;
;    |Timer:TotalTimer|             ; 19 (19)           ; 30 (30)      ; 0           ; 0            ; 0       ; 0         ; 0    ; 0            ; |HomeTrainer|Timer:TotalTimer             ;              ;
;    |double_dabble_8bit:converter| ; 25 (25)           ; 32 (32)      ; 0           ; 0            ; 0       ; 0         ; 0    ; 0            ; |HomeTrainer|double_dabble_8bit:converter ;              ;
;    |prescaler:ClockScaler|        ; 17 (17)           ; 13 (13)      ; 0           ; 0            ; 0       ; 0         ; 0    ; 0            ; |HomeTrainer|prescaler:ClockScaler        ;              ;
;    |seg_decoder:Digit0|           ; 7 (7)             ; 0 (0)        ; 0           ; 0            ; 0       ; 0         ; 0    ; 0            ; |HomeTrainer|seg_decoder:Digit0           ;              ;
;    |seg_decoder:Digit1|           ; 7 (7)             ; 0 (0)        ; 0           ; 0            ; 0       ; 0         ; 0    ; 0            ; |HomeTrainer|seg_decoder:Digit1           ;              ;
;    |seg_decoder:Digit2|           ; 3 (3)             ; 0 (0)        ; 0           ; 0            ; 0       ; 0         ; 0    ; 0            ; |HomeTrainer|seg_decoder:Digit2           ;              ;
+-----------------------------------+-------------------+--------------+-------------+--------------+---------+-----------+------+--------------+-------------------------------------------+--------------+
Note: For table entries with two numbers listed, the numbers in parentheses indicate the number of resources of the given type used by the specific entity alone. The numbers listed outside of parentheses indicate the total resources of the given type used by the specific entity and all of its sub-entities in the hierarchy.


Encoding Type:  One-Hot
+---------------------------------------------------------------------------------------------------------------+
; State Machine - |HomeTrainer|HallCounter:HallSensCount|state                                                  ;
+----------------+----------------+----------------+---------------+---------------+---------------+------------+
; Name           ; state.DelayOut ; state.WaitHigh ; state.Measure ; state.DelayIn ; state.WaitLow ; state.Rest ;
+----------------+----------------+----------------+---------------+---------------+---------------+------------+
; state.Rest     ; 0              ; 0              ; 0             ; 0             ; 0             ; 0          ;
; state.WaitLow  ; 0              ; 0              ; 0             ; 0             ; 1             ; 1          ;
; state.DelayIn  ; 0              ; 0              ; 0             ; 1             ; 0             ; 1          ;
; state.Measure  ; 0              ; 0              ; 1             ; 0             ; 0             ; 1          ;
; state.WaitHigh ; 0              ; 1              ; 0             ; 0             ; 0             ; 1          ;
; state.DelayOut ; 1              ; 0              ; 0             ; 0             ; 0             ; 1          ;
+----------------+----------------+----------------+---------------+---------------+---------------+------------+


+---------------------------------------------------------------------------------------+
; Registers Removed During Synthesis                                                    ;
+----------------------------------------------+----------------------------------------+
; Register name                                ; Reason for Removal                     ;
+----------------------------------------------+----------------------------------------+
; SequentialDevider:Devider|TempBottom[15..19] ; Stuck at GND due to stuck port data_in ;
; Total Number of Removed Registers = 5        ;                                        ;
+----------------------------------------------+----------------------------------------+


+------------------------------------------------------+
; General Register Statistics                          ;
+----------------------------------------------+-------+
; Statistic                                    ; Value ;
+----------------------------------------------+-------+
; Total registers                              ; 139   ;
; Number of registers using Synchronous Clear  ; 44    ;
; Number of registers using Synchronous Load   ; 1     ;
; Number of registers using Asynchronous Clear ; 93    ;
; Number of registers using Asynchronous Load  ; 0     ;
; Number of registers using Clock Enable       ; 95    ;
; Number of registers using Preset             ; 0     ;
+----------------------------------------------+-------+


+---------------------------------------------------------------------------------------------------------------------------------------------------------------------------------------+
; Multiplexer Restructuring Statistics (Restructuring Performed)                                                                                                                        ;
+--------------------+-----------+---------------+----------------------+------------------------+---------------------------------------------------------+----------------------------+
; Multiplexer Inputs ; Bus Width ; Baseline Area ; Area if Restructured ; Saving if Restructured ; Registered                                              ; Example Multiplexer Output ;
+--------------------+-----------+---------------+----------------------+------------------------+---------------------------------------------------------+----------------------------+
; 3:1                ; 12 bits   ; 24 LEs        ; 12 LEs               ; 12 LEs                 ; |HomeTrainer|prescaler:ClockScaler|count[2]             ;                            ;
; 3:1                ; 2 bits    ; 4 LEs         ; 2 LEs                ; 2 LEs                  ; |HomeTrainer|SequentialDevider:Devider|WaitTimer[0]     ;                            ;
; 3:1                ; 6 bits    ; 12 LEs        ; 6 LEs                ; 6 LEs                  ; |HomeTrainer|double_dabble_8bit:converter|bcd_int[9]    ;                            ;
; 3:1                ; 7 bits    ; 14 LEs        ; 7 LEs                ; 7 LEs                  ; |HomeTrainer|double_dabble_8bit:converter|bin_int[3]    ;                            ;
; 4:1                ; 4 bits    ; 8 LEs         ; 8 LEs                ; 0 LEs                  ; |HomeTrainer|double_dabble_8bit:converter|bcd_int[8]    ;                            ;
; 4:1                ; 4 bits    ; 8 LEs         ; 8 LEs                ; 0 LEs                  ; |HomeTrainer|double_dabble_8bit:converter|bcd_int[3]    ;                            ;
; 4:1                ; 8 bits    ; 16 LEs        ; 0 LEs                ; 16 LEs                 ; |HomeTrainer|SequentialDevider:Devider|TempRPM_Final[4] ;                            ;
; 6:1                ; 8 bits    ; 32 LEs        ; 8 LEs                ; 24 LEs                 ; |HomeTrainer|SequentialDevider:Devider|TempRPM_Calc[4]  ;                            ;
; 6:1                ; 20 bits   ; 80 LEs        ; 40 LEs               ; 40 LEs                 ; |HomeTrainer|SequentialDevider:Devider|TempTop[9]       ;                            ;
; 9:1                ; 4 bits    ; 24 LEs        ; 16 LEs               ; 8 LEs                  ; |HomeTrainer|HallCounter:HallSensCount|Selector4        ;                            ;
; 10:1               ; 2 bits    ; 12 LEs        ; 4 LEs                ; 8 LEs                  ; |HomeTrainer|HallCounter:HallSensCount|Selector3        ;                            ;
+--------------------+-----------+---------------+----------------------+------------------------+---------------------------------------------------------+----------------------------+


+--------------------------------------------------------------------+
; Parameter Settings for User Entity Instance: prescaler:ClockScaler ;
+----------------+----------+----------------------------------------+
; Parameter Name ; Value    ; Type                                   ;
+----------------+----------+----------------------------------------+
; freqin         ; 50000000 ; Signed Integer                         ;
; freqout        ; 10000    ; Signed Integer                         ;
+----------------+----------+----------------------------------------+
Note: In order to hide this table in the UI and the text report file, please set the "Show Parameter Settings in Synthesis Report" option in "Analysis and Synthesis Settings -> More Settings" to "Off".


+------------------------------------------------+
; Port Connectivity Checks: "seg_decoder:Digit2" ;
+------------+-------+----------+----------------+
; Port       ; Type  ; Severity ; Details        ;
+------------+-------+----------+----------------+
; data[3..2] ; Input ; Info     ; Stuck at GND   ;
+------------+-------+----------+----------------+


+-------------------------------+
; Elapsed Time Per Partition    ;
+----------------+--------------+
; Partition Name ; Elapsed Time ;
+----------------+--------------+
; Top            ; 00:00:03     ;
+----------------+--------------+


+-------------------------------+
; Analysis & Synthesis Messages ;
+-------------------------------+
Info: *******************************************************************
Info: Running Quartus II 32-bit Analysis & Synthesis
    Info: Version 11.1 Build 216 11/23/2011 Service Pack 1 SJ Web Edition
    Info: Processing started: Mon Sep 23 11:37:18 2013
Info: Command: quartus_map --read_settings_files=on --write_settings_files=off PRODIGgroep4 -c PRODIGgroep4
Warning (20028): Parallel compilation is not licensed and has been disabled
Info (12021): Found 2 design units, including 1 entities, in source file hallcounter.vhd
    Info (12022): Found design unit 1: HallCounter-hardware
    Info (12023): Found entity 1: HallCounter
Info (12021): Found 2 design units, including 1 entities, in source file prescaler.vhd
    Info (12022): Found design unit 1: prescaler-behav
    Info (12023): Found entity 1: prescaler
Info (12021): Found 2 design units, including 1 entities, in source file hometrainer.vhd
    Info (12022): Found design unit 1: HomeTrainer-structural
    Info (12023): Found entity 1: HomeTrainer
Info (12021): Found 2 design units, including 1 entities, in source file seg_decoder.vhd
    Info (12022): Found design unit 1: seg_decoder-behav
    Info (12023): Found entity 1: seg_decoder
Info (12021): Found 2 design units, including 1 entities, in source file timer.vhd
    Info (12022): Found design unit 1: Timer-structural
    Info (12023): Found entity 1: Timer
Info (12021): Found 2 design units, including 1 entities, in source file sequentialdevider.vhd
    Info (12022): Found design unit 1: SequentialDevider-hardware
    Info (12023): Found entity 1: SequentialDevider
Info (12021): Found 2 design units, including 1 entities, in source file sequentialdevidersim.vhd
    Info (12022): Found design unit 1: SequentialDeviderSim-behav
    Info (12023): Found entity 1: SequentialDeviderSim
Info (12021): Found 2 design units, including 1 entities, in source file double.vhd
    Info (12022): Found design unit 1: double_dabble_8bit-rtl_reg_ready
    Info (12023): Found entity 1: double_dabble_8bit
Info (12127): Elaborating entity "HomeTrainer" for the top level hierarchy
Warning (10541): VHDL Signal Declaration warning at HomeTrainer.vhd(27): used implicit default value for signal "LEDG" because signal was never assigned a value or an explicit default value. Use of implicit default value may introduce unintended design optimizations.
Warning (10541): VHDL Signal Declaration warning at HomeTrainer.vhd(28): used implicit default value for signal "LEDR" because signal was never assigned a value or an explicit default value. Use of implicit default value may introduce unintended design optimizations.
Warning (10541): VHDL Signal Declaration warning at HomeTrainer.vhd(102): used implicit default value for signal "LCD_Data" because signal was never assigned a value or an explicit default value. Use of implicit default value may introduce unintended design optimizations.
Warning (10036): Verilog HDL or VHDL warning at HomeTrainer.vhd(102): object "ADC_Data" assigned a value but never read
Warning (10541): VHDL Signal Declaration warning at HomeTrainer.vhd(103): used implicit default value for signal "LCD_RS" because signal was never assigned a value or an explicit default value. Use of implicit default value may introduce unintended design optimizations.
Warning (10541): VHDL Signal Declaration warning at HomeTrainer.vhd(103): used implicit default value for signal "LCD_RW" because signal was never assigned a value or an explicit default value. Use of implicit default value may introduce unintended design optimizations.
Warning (10541): VHDL Signal Declaration warning at HomeTrainer.vhd(103): used implicit default value for signal "LCD_E" because signal was never assigned a value or an explicit default value. Use of implicit default value may introduce unintended design optimizations.
Warning (10541): VHDL Signal Declaration warning at HomeTrainer.vhd(103): used implicit default value for signal "Servo_Positive" because signal was never assigned a value or an explicit default value. Use of implicit default value may introduce unintended design optimizations.
Warning (10541): VHDL Signal Declaration warning at HomeTrainer.vhd(103): used implicit default value for signal "Servo_Negative" because signal was never assigned a value or an explicit default value. Use of implicit default value may introduce unintended design optimizations.
Warning (10541): VHDL Signal Declaration warning at HomeTrainer.vhd(103): used implicit default value for signal "ADC_ConvStart" because signal was never assigned a value or an explicit default value. Use of implicit default value may introduce unintended design optimizations.
Warning (10541): VHDL Signal Declaration warning at HomeTrainer.vhd(103): used implicit default value for signal "ADC_RD" because signal was never assigned a value or an explicit default value. Use of implicit default value may introduce unintended design optimizations.
Warning (10036): Verilog HDL or VHDL warning at HomeTrainer.vhd(103): object "ADC_Busy" assigned a value but never read
Warning (10036): Verilog HDL or VHDL warning at HomeTrainer.vhd(104): object "BikeButtons" assigned a value but never read
Info (12128): Elaborating entity "prescaler" for hierarchy "prescaler:ClockScaler"
Info (12128): Elaborating entity "Timer" for hierarchy "Timer:TotalTimer"
Info (12128): Elaborating entity "HallCounter" for hierarchy "HallCounter:HallSensCount"
Info (12128): Elaborating entity "SequentialDevider" for hierarchy "SequentialDevider:Devider"
Info (12128): Elaborating entity "seg_decoder" for hierarchy "seg_decoder:Digit0"
Info (12128): Elaborating entity "double_dabble_8bit" for hierarchy "double_dabble_8bit:converter"
Info (13014): Ignored 15 buffer(s)
    Info (13019): Ignored 15 SOFT buffer(s)
Warning (13039): The following bidir pins have no drivers
    Warning (13040): Bidir "IO_A[16]" has no driver
    Warning (13040): Bidir "IO_A[17]" has no driver
    Warning (13040): Bidir "IO_A[18]" has no driver
    Warning (13040): Bidir "IO_A[19]" has no driver
    Warning (13040): Bidir "IO_A[20]" has no driver
    Warning (13040): Bidir "IO_A[21]" has no driver
    Warning (13040): Bidir "IO_A[22]" has no driver
    Warning (13040): Bidir "IO_A[23]" has no driver
    Warning (13040): Bidir "IO_A[24]" has no driver
    Warning (13040): Bidir "IO_A[25]" has no driver
    Warning (13040): Bidir "IO_A[26]" has no driver
    Warning (13040): Bidir "IO_A[27]" has no driver
    Warning (13040): Bidir "IO_A[28]" has no driver
    Warning (13040): Bidir "IO_A[29]" has no driver
    Warning (13040): Bidir "IO_A[30]" has no driver
    Warning (13040): Bidir "IO_A[31]" has no driver
    Warning (13040): Bidir "IO_A[13]" has no driver
Warning (13032): The following tri-state nodes are fed by constants
    Warning (13033): The pin "IO_A[0]" is fed by GND
    Warning (13033): The pin "IO_A[1]" is fed by GND
    Warning (13033): The pin "IO_A[2]" is fed by GND
    Warning (13033): The pin "IO_A[3]" is fed by GND
    Warning (13033): The pin "IO_A[4]" is fed by GND
    Warning (13033): The pin "IO_A[5]" is fed by GND
    Warning (13033): The pin "IO_A[6]" is fed by GND
    Warning (13033): The pin "IO_A[7]" is fed by GND
    Warning (13033): The pin "IO_A[8]" is fed by GND
    Warning (13033): The pin "IO_A[9]" is fed by GND
    Warning (13033): The pin "IO_A[10]" is fed by GND
    Warning (13033): The pin "IO_A[11]" is fed by GND
    Warning (13033): The pin "IO_A[12]" is fed by GND
    Warning (13033): The pin "IO_A[14]" is fed by GND
    Warning (13033): The pin "IO_A[15]" is fed by GND
Warning (13024): Output pins are stuck at VCC or GND
    Warning (13410): Pin "LEDG[0]" is stuck at GND
    Warning (13410): Pin "LEDG[1]" is stuck at GND
    Warning (13410): Pin "LEDG[2]" is stuck at GND
    Warning (13410): Pin "LEDG[3]" is stuck at GND
    Warning (13410): Pin "LEDG[4]" is stuck at GND
    Warning (13410): Pin "LEDG[5]" is stuck at GND
    Warning (13410): Pin "LEDG[6]" is stuck at GND
    Warning (13410): Pin "LEDG[7]" is stuck at GND
    Warning (13410): Pin "LEDG[8]" is stuck at GND
    Warning (13410): Pin "LEDR[0]" is stuck at GND
    Warning (13410): Pin "LEDR[1]" is stuck at GND
    Warning (13410): Pin "LEDR[2]" is stuck at GND
    Warning (13410): Pin "LEDR[3]" is stuck at GND
    Warning (13410): Pin "LEDR[4]" is stuck at GND
    Warning (13410): Pin "LEDR[5]" is stuck at GND
    Warning (13410): Pin "LEDR[6]" is stuck at GND
    Warning (13410): Pin "LEDR[7]" is stuck at GND
    Warning (13410): Pin "LEDR[8]" is stuck at GND
    Warning (13410): Pin "LEDR[9]" is stuck at GND
    Warning (13410): Pin "LEDR[10]" is stuck at GND
    Warning (13410): Pin "LEDR[11]" is stuck at GND
    Warning (13410): Pin "LEDR[12]" is stuck at GND
    Warning (13410): Pin "LEDR[13]" is stuck at GND
    Warning (13410): Pin "LEDR[14]" is stuck at GND
    Warning (13410): Pin "LEDR[15]" is stuck at GND
    Warning (13410): Pin "LEDR[16]" is stuck at GND
    Warning (13410): Pin "LEDR[17]" is stuck at GND
    Warning (13410): Pin "HEX7_D[0]" is stuck at VCC
    Warning (13410): Pin "HEX7_D[1]" is stuck at VCC
    Warning (13410): Pin "HEX7_D[2]" is stuck at VCC
    Warning (13410): Pin "HEX7_D[3]" is stuck at VCC
    Warning (13410): Pin "HEX7_D[4]" is stuck at VCC
    Warning (13410): Pin "HEX7_D[5]" is stuck at VCC
    Warning (13410): Pin "HEX7_D[6]" is stuck at VCC
    Warning (13410): Pin "HEX6_D[0]" is stuck at VCC
    Warning (13410): Pin "HEX6_D[1]" is stuck at VCC
    Warning (13410): Pin "HEX6_D[2]" is stuck at VCC
    Warning (13410): Pin "HEX6_D[3]" is stuck at VCC
    Warning (13410): Pin "HEX6_D[4]" is stuck at VCC
    Warning (13410): Pin "HEX6_D[5]" is stuck at VCC
    Warning (13410): Pin "HEX6_D[6]" is stuck at VCC
    Warning (13410): Pin "HEX5_D[0]" is stuck at VCC
    Warning (13410): Pin "HEX5_D[1]" is stuck at VCC
    Warning (13410): Pin "HEX5_D[2]" is stuck at VCC
    Warning (13410): Pin "HEX5_D[3]" is stuck at VCC
    Warning (13410): Pin "HEX5_D[4]" is stuck at VCC
    Warning (13410): Pin "HEX5_D[5]" is stuck at VCC
    Warning (13410): Pin "HEX5_D[6]" is stuck at VCC
    Warning (13410): Pin "HEX4_D[0]" is stuck at VCC
    Warning (13410): Pin "HEX4_D[1]" is stuck at VCC
    Warning (13410): Pin "HEX4_D[2]" is stuck at VCC
    Warning (13410): Pin "HEX4_D[3]" is stuck at VCC
    Warning (13410): Pin "HEX4_D[4]" is stuck at VCC
    Warning (13410): Pin "HEX4_D[5]" is stuck at VCC
    Warning (13410): Pin "HEX4_D[6]" is stuck at VCC
    Warning (13410): Pin "HEX3_D[0]" is stuck at VCC
    Warning (13410): Pin "HEX3_D[1]" is stuck at VCC
    Warning (13410): Pin "HEX3_D[2]" is stuck at VCC
    Warning (13410): Pin "HEX3_D[3]" is stuck at VCC
    Warning (13410): Pin "HEX3_D[4]" is stuck at VCC
    Warning (13410): Pin "HEX3_D[5]" is stuck at VCC
    Warning (13410): Pin "HEX3_D[6]" is stuck at VCC
    Warning (13410): Pin "HEX2_D[1]" is stuck at GND
    Warning (13410): Pin "HEX0_DP" is stuck at VCC
    Warning (13410): Pin "HEX1_DP" is stuck at VCC
    Warning (13410): Pin "HEX2_DP" is stuck at VCC
    Warning (13410): Pin "HEX3_DP" is stuck at VCC
    Warning (13410): Pin "HEX4_DP" is stuck at VCC
    Warning (13410): Pin "HEX5_DP" is stuck at VCC
    Warning (13410): Pin "HEX6_DP" is stuck at VCC
    Warning (13410): Pin "HEX7_DP" is stuck at VCC
Info (16010): Generating hard_block partition "hard_block:auto_generated_inst"
Warning (21074): Design contains 21 input pin(s) that do not drive logic
    Warning (15610): No output dependent on input pin "BUTTON[0]"
    Warning (15610): No output dependent on input pin "BUTTON[1]"
    Warning (15610): No output dependent on input pin "BUTTON[2]"
    Warning (15610): No output dependent on input pin "BUTTON[3]"
    Warning (15610): No output dependent on input pin "SW[1]"
    Warning (15610): No output dependent on input pin "SW[2]"
    Warning (15610): No output dependent on input pin "SW[3]"
    Warning (15610): No output dependent on input pin "SW[4]"
    Warning (15610): No output dependent on input pin "SW[5]"
    Warning (15610): No output dependent on input pin "SW[6]"
    Warning (15610): No output dependent on input pin "SW[7]"
    Warning (15610): No output dependent on input pin "SW[8]"
    Warning (15610): No output dependent on input pin "SW[9]"
    Warning (15610): No output dependent on input pin "SW[10]"
    Warning (15610): No output dependent on input pin "SW[11]"
    Warning (15610): No output dependent on input pin "SW[12]"
    Warning (15610): No output dependent on input pin "SW[13]"
    Warning (15610): No output dependent on input pin "SW[14]"
    Warning (15610): No output dependent on input pin "SW[15]"
    Warning (15610): No output dependent on input pin "SW[16]"
    Warning (15610): No output dependent on input pin "SW[17]"
Info (21057): Implemented 417 device resources after synthesis - the final resource count might be different
    Info (21058): Implemented 23 input pins
    Info (21059): Implemented 91 output pins
    Info (21060): Implemented 32 bidirectional pins
    Info (21061): Implemented 271 logic cells
Info: Quartus II 32-bit Analysis & Synthesis was successful. 0 errors, 142 warnings
    Info: Peak virtual memory: 317 megabytes
    Info: Processing ended: Mon Sep 23 11:37:23 2013
    Info: Elapsed time: 00:00:05
    Info: Total CPU time (on all processors): 00:00:05


